CRITICAL - 2023-02-01 12:53:41 --> Unable to find template "index.html.twig" (looked into: /home1/inagasit/www0_inaga_site--dev6/app/Themes/default, /home1/inagasit/www0_inaga_site--dev6/app/Themes/default).
#0 /home1/inagasit/www0_inaga_site--dev6/vendor/twig/twig/src/Loader/FilesystemLoader.php(131): Twig\Loader\FilesystemLoader->findTemplate('index.html.twig')
#1 /home1/inagasit/www0_inaga_site--dev6/vendor/twig/twig/src/Environment.php(264): Twig\Loader\FilesystemLoader->getCacheKey('index.html.twig')
#2 /home1/inagasit/www0_inaga_site--dev6/vendor/twig/twig/src/Environment.php(312): Twig\Environment->getTemplateClass('index.html.twig')
#3 /home1/inagasit/www0_inaga_site--dev6/vendor/twig/twig/src/Environment.php(280): Twig\Environment->load('index.html.twig')
#4 /home1/inagasit/www0_inaga_site--dev6/vendor/noraziz/ci4-twiggy/src/Twiggy.php(555): Twig\Environment->render('index.html.twig', Array)
#5 /home1/inagasit/www0_inaga_site--dev6/app/Controllers/Home.php(20): noraziz\ci4twiggy\Twiggy->display()
#6 /home1/inagasit/www0_inaga_site--dev6/vendor/codeigniter4/framework/system/CodeIgniter.php(832): App\Controllers\Home->tw1()
#7 /home1/inagasit/www0_inaga_site--dev6/vendor/codeigniter4/framework/system/CodeIgniter.php(419): CodeIgniter\CodeIgniter->runController(Object(App\Controllers\Home))
#8 /home1/inagasit/www0_inaga_site--dev6/vendor/codeigniter4/framework/system/CodeIgniter.php(326): CodeIgniter\CodeIgniter->handleRequest(NULL, Object(Config\Cache), false)
#9 /home1/inagasit/www0_inaga_site--dev6/public/index.php(37): CodeIgniter\CodeIgniter->run()
#10 {main}
CRITICAL - 2023-02-01 12:54:19 --> auth filter must have a matching alias defined.
#0 /home1/inagasit/www0_inaga_site--dev6/vendor/codeigniter4/framework/system/Filters/Filters.php(340): CodeIgniter\Filters\Exceptions\FilterException::forNoAlias('auth')
#1 /home1/inagasit/www0_inaga_site--dev6/vendor/codeigniter4/framework/system/CodeIgniter.php(384): CodeIgniter\Filters\Filters->enableFilter('auth', 'before')
#2 /home1/inagasit/www0_inaga_site--dev6/vendor/codeigniter4/framework/system/CodeIgniter.php(326): CodeIgniter\CodeIgniter->handleRequest(NULL, Object(Config\Cache), false)
#3 /home1/inagasit/www0_inaga_site--dev6/public/index.php(37): CodeIgniter\CodeIgniter->run()
#4 {main}
CRITICAL - 2023-02-01 12:54:46 --> Unable to find template "index.html.twig" (looked into: /home1/inagasit/www0_inaga_site--dev6/app/Themes/default, /home1/inagasit/www0_inaga_site--dev6/app/Themes/default).
#0 /home1/inagasit/www0_inaga_site--dev6/vendor/twig/twig/src/Loader/FilesystemLoader.php(131): Twig\Loader\FilesystemLoader->findTemplate('index.html.twig')
#1 /home1/inagasit/www0_inaga_site--dev6/vendor/twig/twig/src/Environment.php(264): Twig\Loader\FilesystemLoader->getCacheKey('index.html.twig')
#2 /home1/inagasit/www0_inaga_site--dev6/vendor/twig/twig/src/Environment.php(312): Twig\Environment->getTemplateClass('index.html.twig')
#3 /home1/inagasit/www0_inaga_site--dev6/vendor/twig/twig/src/Environment.php(280): Twig\Environment->load('index.html.twig')
#4 /home1/inagasit/www0_inaga_site--dev6/vendor/noraziz/ci4-twiggy/src/Twiggy.php(555): Twig\Environment->render('index.html.twig', Array)
#5 /home1/inagasit/www0_inaga_site--dev6/app/Controllers/Home.php(20): noraziz\ci4twiggy\Twiggy->display()
#6 /home1/inagasit/www0_inaga_site--dev6/vendor/codeigniter4/framework/system/CodeIgniter.php(832): App\Controllers\Home->tw1()
#7 /home1/inagasit/www0_inaga_site--dev6/vendor/codeigniter4/framework/system/CodeIgniter.php(419): CodeIgniter\CodeIgniter->runController(Object(App\Controllers\Home))
#8 /home1/inagasit/www0_inaga_site--dev6/vendor/codeigniter4/framework/system/CodeIgniter.php(326): CodeIgniter\CodeIgniter->handleRequest(NULL, Object(Config\Cache), false)
#9 /home1/inagasit/www0_inaga_site--dev6/public/index.php(37): CodeIgniter\CodeIgniter->run()
#10 {main}
CRITICAL - 2023-02-01 12:56:27 --> Unable to find template "index.html.twig" (looked into: /home1/inagasit/www0_inaga_site--dev6/app/Themes/default, /home1/inagasit/www0_inaga_site--dev6/app/Themes/default).
#0 /home1/inagasit/www0_inaga_site--dev6/vendor/twig/twig/src/Loader/FilesystemLoader.php(131): Twig\Loader\FilesystemLoader->findTemplate('index.html.twig')
#1 /home1/inagasit/www0_inaga_site--dev6/vendor/twig/twig/src/Environment.php(264): Twig\Loader\FilesystemLoader->getCacheKey('index.html.twig')
#2 /home1/inagasit/www0_inaga_site--dev6/vendor/twig/twig/src/Environment.php(312): Twig\Environment->getTemplateClass('index.html.twig')
#3 /home1/inagasit/www0_inaga_site--dev6/vendor/twig/twig/src/Environment.php(280): Twig\Environment->load('index.html.twig')
#4 /home1/inagasit/www0_inaga_site--dev6/vendor/noraziz/ci4-twiggy/src/Twiggy.php(555): Twig\Environment->render('index.html.twig', Array)
#5 /home1/inagasit/www0_inaga_site--dev6/app/Controllers/Home.php(20): noraziz\ci4twiggy\Twiggy->display()
#6 /home1/inagasit/www0_inaga_site--dev6/vendor/codeigniter4/framework/system/CodeIgniter.php(832): App\Controllers\Home->tw1()
#7 /home1/inagasit/www0_inaga_site--dev6/vendor/codeigniter4/framework/system/CodeIgniter.php(419): CodeIgniter\CodeIgniter->runController(Object(App\Controllers\Home))
#8 /home1/inagasit/www0_inaga_site--dev6/vendor/codeigniter4/framework/system/CodeIgniter.php(326): CodeIgniter\CodeIgniter->handleRequest(NULL, Object(Config\Cache), false)
#9 /home1/inagasit/www0_inaga_site--dev6/public/index.php(37): CodeIgniter\CodeIgniter->run()
#10 {main}
CRITICAL - 2023-02-01 12:56:58 --> Unable to find template "index.html.twig" (looked into: /home1/inagasit/www0_inaga_site--dev6/app/Themes/default, /home1/inagasit/www0_inaga_site--dev6/app/Themes/default).
#0 /home1/inagasit/www0_inaga_site--dev6/vendor/twig/twig/src/Loader/FilesystemLoader.php(131): Twig\Loader\FilesystemLoader->findTemplate('index.html.twig')
#1 /home1/inagasit/www0_inaga_site--dev6/vendor/twig/twig/src/Environment.php(264): Twig\Loader\FilesystemLoader->getCacheKey('index.html.twig')
#2 /home1/inagasit/www0_inaga_site--dev6/vendor/twig/twig/src/Environment.php(312): Twig\Environment->getTemplateClass('index.html.twig')
#3 /home1/inagasit/www0_inaga_site--dev6/vendor/twig/twig/src/Environment.php(280): Twig\Environment->load('index.html.twig')
#4 /home1/inagasit/www0_inaga_site--dev6/vendor/noraziz/ci4-twiggy/src/Twiggy.php(555): Twig\Environment->render('index.html.twig', Array)
#5 /home1/inagasit/www0_inaga_site--dev6/app/Controllers/Home.php(20): noraziz\ci4twiggy\Twiggy->display()
#6 /home1/inagasit/www0_inaga_site--dev6/vendor/codeigniter4/framework/system/CodeIgniter.php(832): App\Controllers\Home->tw1()
#7 /home1/inagasit/www0_inaga_site--dev6/vendor/codeigniter4/framework/system/CodeIgniter.php(419): CodeIgniter\CodeIgniter->runController(Object(App\Controllers\Home))
#8 /home1/inagasit/www0_inaga_site--dev6/vendor/codeigniter4/framework/system/CodeIgniter.php(326): CodeIgniter\CodeIgniter->handleRequest(NULL, Object(Config\Cache), false)
#9 /home1/inagasit/www0_inaga_site--dev6/public/index.php(37): CodeIgniter\CodeIgniter->run()
#10 {main}
CRITICAL - 2023-02-01 12:57:22 --> Unable to find template "index.html.twig" (looked into: /home1/inagasit/www0_inaga_site--dev6/app/Themes/default, /home1/inagasit/www0_inaga_site--dev6/app/Themes/default).
#0 /home1/inagasit/www0_inaga_site--dev6/vendor/twig/twig/src/Loader/FilesystemLoader.php(131): Twig\Loader\FilesystemLoader->findTemplate('index.html.twig')
#1 /home1/inagasit/www0_inaga_site--dev6/vendor/twig/twig/src/Environment.php(264): Twig\Loader\FilesystemLoader->getCacheKey('index.html.twig')
#2 /home1/inagasit/www0_inaga_site--dev6/vendor/twig/twig/src/Environment.php(312): Twig\Environment->getTemplateClass('index.html.twig')
#3 /home1/inagasit/www0_inaga_site--dev6/vendor/twig/twig/src/Environment.php(280): Twig\Environment->load('index.html.twig')
#4 /home1/inagasit/www0_inaga_site--dev6/vendor/noraziz/ci4-twiggy/src/Twiggy.php(555): Twig\Environment->render('index.html.twig', Array)
#5 /home1/inagasit/www0_inaga_site--dev6/app/Controllers/Home.php(20): noraziz\ci4twiggy\Twiggy->display()
#6 /home1/inagasit/www0_inaga_site--dev6/vendor/codeigniter4/framework/system/CodeIgniter.php(832): App\Controllers\Home->tw1()
#7 /home1/inagasit/www0_inaga_site--dev6/vendor/codeigniter4/framework/system/CodeIgniter.php(419): CodeIgniter\CodeIgniter->runController(Object(App\Controllers\Home))
#8 /home1/inagasit/www0_inaga_site--dev6/vendor/codeigniter4/framework/system/CodeIgniter.php(326): CodeIgniter\CodeIgniter->handleRequest(NULL, Object(Config\Cache), false)
#9 /home1/inagasit/www0_inaga_site--dev6/public/index.php(37): CodeIgniter\CodeIgniter->run()
#10 {main}
CRITICAL - 2023-02-01 13:04:25 --> Unable to find template "index2.html.twig" (looked into: /home1/inagasit/www0_inaga_site--dev6/app/Themes/default, /home1/inagasit/www0_inaga_site--dev6/app/Themes/default).
#0 /home1/inagasit/www0_inaga_site--dev6/vendor/twig/twig/src/Loader/FilesystemLoader.php(131): Twig\Loader\FilesystemLoader->findTemplate('index2.html.twi...')
#1 /home1/inagasit/www0_inaga_site--dev6/vendor/twig/twig/src/Environment.php(264): Twig\Loader\FilesystemLoader->getCacheKey('index2.html.twi...')
#2 /home1/inagasit/www0_inaga_site--dev6/vendor/twig/twig/src/Environment.php(312): Twig\Environment->getTemplateClass('index2.html.twi...')
#3 /home1/inagasit/www0_inaga_site--dev6/vendor/twig/twig/src/Environment.php(280): Twig\Environment->load('index2.html.twi...')
#4 /home1/inagasit/www0_inaga_site--dev6/vendor/noraziz/ci4-twiggy/src/Twiggy.php(555): Twig\Environment->render('index2.html.twi...', Array)
#5 /home1/inagasit/www0_inaga_site--dev6/Modules/Home/Controllers/Nyoba.php(39): noraziz\ci4twiggy\Twiggy->display()
#6 /home1/inagasit/www0_inaga_site--dev6/vendor/codeigniter4/framework/system/CodeIgniter.php(832): Home\Controllers\Nyoba->ccb()
#7 /home1/inagasit/www0_inaga_site--dev6/vendor/codeigniter4/framework/system/CodeIgniter.php(419): CodeIgniter\CodeIgniter->runController(Object(Home\Controllers\Nyoba))
#8 /home1/inagasit/www0_inaga_site--dev6/vendor/codeigniter4/framework/system/CodeIgniter.php(326): CodeIgniter\CodeIgniter->handleRequest(NULL, Object(Config\Cache), false)
#9 /home1/inagasit/www0_inaga_site--dev6/public/index.php(37): CodeIgniter\CodeIgniter->run()
#10 {main}
CRITICAL - 2023-02-01 13:06:42 --> Unable to find template "index2.html.twig" (looked into: /home1/inagasit/www0_inaga_site--dev6/app/Themes/default, /home1/inagasit/www0_inaga_site--dev6/app/Themes/default).
#0 /home1/inagasit/www0_inaga_site--dev6/vendor/twig/twig/src/Loader/FilesystemLoader.php(131): Twig\Loader\FilesystemLoader->findTemplate('index2.html.twi...')
#1 /home1/inagasit/www0_inaga_site--dev6/vendor/twig/twig/src/Environment.php(264): Twig\Loader\FilesystemLoader->getCacheKey('index2.html.twi...')
#2 /home1/inagasit/www0_inaga_site--dev6/vendor/twig/twig/src/Environment.php(312): Twig\Environment->getTemplateClass('index2.html.twi...')
#3 /home1/inagasit/www0_inaga_site--dev6/vendor/twig/twig/src/Environment.php(280): Twig\Environment->load('index2.html.twi...')
#4 /home1/inagasit/www0_inaga_site--dev6/vendor/noraziz/ci4-twiggy/src/Twiggy.php(555): Twig\Environment->render('index2.html.twi...', Array)
#5 /home1/inagasit/www0_inaga_site--dev6/Modules/Home/Controllers/Nyoba.php(23): noraziz\ci4twiggy\Twiggy->display()
#6 /home1/inagasit/www0_inaga_site--dev6/vendor/codeigniter4/framework/system/CodeIgniter.php(832): Home\Controllers\Nyoba->ccb()
#7 /home1/inagasit/www0_inaga_site--dev6/vendor/codeigniter4/framework/system/CodeIgniter.php(419): CodeIgniter\CodeIgniter->runController(Object(Home\Controllers\Nyoba))
#8 /home1/inagasit/www0_inaga_site--dev6/vendor/codeigniter4/framework/system/CodeIgniter.php(326): CodeIgniter\CodeIgniter->handleRequest(NULL, Object(Config\Cache), false)
#9 /home1/inagasit/www0_inaga_site--dev6/public/index.php(37): CodeIgniter\CodeIgniter->run()
#10 {main}
CRITICAL - 2023-02-01 13:06:47 --> Unable to find template "index2.html.twig" (looked into: /home1/inagasit/www0_inaga_site--dev6/app/Themes/default, /home1/inagasit/www0_inaga_site--dev6/app/Themes/default).
#0 /home1/inagasit/www0_inaga_site--dev6/vendor/twig/twig/src/Loader/FilesystemLoader.php(131): Twig\Loader\FilesystemLoader->findTemplate('index2.html.twi...')
#1 /home1/inagasit/www0_inaga_site--dev6/vendor/twig/twig/src/Environment.php(264): Twig\Loader\FilesystemLoader->getCacheKey('index2.html.twi...')
#2 /home1/inagasit/www0_inaga_site--dev6/vendor/twig/twig/src/Environment.php(312): Twig\Environment->getTemplateClass('index2.html.twi...')
#3 /home1/inagasit/www0_inaga_site--dev6/vendor/twig/twig/src/Environment.php(280): Twig\Environment->load('index2.html.twi...')
#4 /home1/inagasit/www0_inaga_site--dev6/vendor/noraziz/ci4-twiggy/src/Twiggy.php(555): Twig\Environment->render('index2.html.twi...', Array)
#5 /home1/inagasit/www0_inaga_site--dev6/Modules/Home/Controllers/Nyoba.php(23): noraziz\ci4twiggy\Twiggy->display()
#6 /home1/inagasit/www0_inaga_site--dev6/vendor/codeigniter4/framework/system/CodeIgniter.php(832): Home\Controllers\Nyoba->ccb()
#7 /home1/inagasit/www0_inaga_site--dev6/vendor/codeigniter4/framework/system/CodeIgniter.php(419): CodeIgniter\CodeIgniter->runController(Object(Home\Controllers\Nyoba))
#8 /home1/inagasit/www0_inaga_site--dev6/vendor/codeigniter4/framework/system/CodeIgniter.php(326): CodeIgniter\CodeIgniter->handleRequest(NULL, Object(Config\Cache), false)
#9 /home1/inagasit/www0_inaga_site--dev6/public/index.php(37): CodeIgniter\CodeIgniter->run()
#10 {main}
CRITICAL - 2023-02-01 13:07:16 --> Unable to find template "index2.html.twig" (looked into: /home1/inagasit/www0_inaga_site--dev6/app/Themes/default, /home1/inagasit/www0_inaga_site--dev6/app/Themes/default).
#0 /home1/inagasit/www0_inaga_site--dev6/vendor/twig/twig/src/Loader/FilesystemLoader.php(131): Twig\Loader\FilesystemLoader->findTemplate('index2.html.twi...')
#1 /home1/inagasit/www0_inaga_site--dev6/vendor/twig/twig/src/Environment.php(264): Twig\Loader\FilesystemLoader->getCacheKey('index2.html.twi...')
#2 /home1/inagasit/www0_inaga_site--dev6/vendor/twig/twig/src/Environment.php(312): Twig\Environment->getTemplateClass('index2.html.twi...')
#3 /home1/inagasit/www0_inaga_site--dev6/vendor/twig/twig/src/Environment.php(280): Twig\Environment->load('index2.html.twi...')
#4 /home1/inagasit/www0_inaga_site--dev6/vendor/noraziz/ci4-twiggy/src/Twiggy.php(555): Twig\Environment->render('index2.html.twi...', Array)
#5 /home1/inagasit/www0_inaga_site--dev6/Modules/Home/Controllers/Nyoba.php(23): noraziz\ci4twiggy\Twiggy->display()
#6 /home1/inagasit/www0_inaga_site--dev6/vendor/codeigniter4/framework/system/CodeIgniter.php(832): Home\Controllers\Nyoba->ccb()
#7 /home1/inagasit/www0_inaga_site--dev6/vendor/codeigniter4/framework/system/CodeIgniter.php(419): CodeIgniter\CodeIgniter->runController(Object(Home\Controllers\Nyoba))
#8 /home1/inagasit/www0_inaga_site--dev6/vendor/codeigniter4/framework/system/CodeIgniter.php(326): CodeIgniter\CodeIgniter->handleRequest(NULL, Object(Config\Cache), false)
#9 /home1/inagasit/www0_inaga_site--dev6/public/index.php(37): CodeIgniter\CodeIgniter->run()
#10 {main}
CRITICAL - 2023-02-01 13:07:19 --> Unable to find template "index2.html.twig" (looked into: /home1/inagasit/www0_inaga_site--dev6/app/Themes/default, /home1/inagasit/www0_inaga_site--dev6/app/Themes/default).
#0 /home1/inagasit/www0_inaga_site--dev6/vendor/twig/twig/src/Loader/FilesystemLoader.php(131): Twig\Loader\FilesystemLoader->findTemplate('index2.html.twi...')
#1 /home1/inagasit/www0_inaga_site--dev6/vendor/twig/twig/src/Environment.php(264): Twig\Loader\FilesystemLoader->getCacheKey('index2.html.twi...')
#2 /home1/inagasit/www0_inaga_site--dev6/vendor/twig/twig/src/Environment.php(312): Twig\Environment->getTemplateClass('index2.html.twi...')
#3 /home1/inagasit/www0_inaga_site--dev6/vendor/twig/twig/src/Environment.php(280): Twig\Environment->load('index2.html.twi...')
#4 /home1/inagasit/www0_inaga_site--dev6/vendor/noraziz/ci4-twiggy/src/Twiggy.php(555): Twig\Environment->render('index2.html.twi...', Array)
#5 /home1/inagasit/www0_inaga_site--dev6/Modules/Home/Controllers/Nyoba.php(23): noraziz\ci4twiggy\Twiggy->display()
#6 /home1/inagasit/www0_inaga_site--dev6/vendor/codeigniter4/framework/system/CodeIgniter.php(832): Home\Controllers\Nyoba->ccb()
#7 /home1/inagasit/www0_inaga_site--dev6/vendor/codeigniter4/framework/system/CodeIgniter.php(419): CodeIgniter\CodeIgniter->runController(Object(Home\Controllers\Nyoba))
#8 /home1/inagasit/www0_inaga_site--dev6/vendor/codeigniter4/framework/system/CodeIgniter.php(326): CodeIgniter\CodeIgniter->handleRequest(NULL, Object(Config\Cache), false)
#9 /home1/inagasit/www0_inaga_site--dev6/public/index.php(37): CodeIgniter\CodeIgniter->run()
#10 {main}
CRITICAL - 2023-02-01 13:08:14 --> Class 'Home\Controllers\BaseController' not found
#0 /home1/inagasit/www0_inaga_site--dev6/vendor/codeigniter4/framework/system/Autoloader/Autoloader.php(264): include_once()
#1 /home1/inagasit/www0_inaga_site--dev6/vendor/codeigniter4/framework/system/Autoloader/Autoloader.php(241): CodeIgniter\Autoloader\Autoloader->includeFile('/home1/inagasit...')
#2 /home1/inagasit/www0_inaga_site--dev6/vendor/codeigniter4/framework/system/Autoloader/Autoloader.php(219): CodeIgniter\Autoloader\Autoloader->loadInNamespace('Home\\Controller...')
#3 [internal function]: CodeIgniter\Autoloader\Autoloader->loadClass('Home\\Controller...')
#4 [internal function]: spl_autoload_call('Home\\Controller...')
#5 /home1/inagasit/www0_inaga_site--dev6/vendor/codeigniter4/framework/system/CodeIgniter.php(797): class_exists('\\Home\\Controlle...', true)
#6 /home1/inagasit/www0_inaga_site--dev6/vendor/codeigniter4/framework/system/CodeIgniter.php(406): CodeIgniter\CodeIgniter->startController()
#7 /home1/inagasit/www0_inaga_site--dev6/vendor/codeigniter4/framework/system/CodeIgniter.php(326): CodeIgniter\CodeIgniter->handleRequest(NULL, Object(Config\Cache), false)
#8 /home1/inagasit/www0_inaga_site--dev6/public/index.php(37): CodeIgniter\CodeIgniter->run()
#9 {main}
CRITICAL - 2023-02-01 13:08:20 --> Class 'Home\Controllers\BaseController' not found
#0 /home1/inagasit/www0_inaga_site--dev6/vendor/codeigniter4/framework/system/Autoloader/Autoloader.php(264): include_once()
#1 /home1/inagasit/www0_inaga_site--dev6/vendor/codeigniter4/framework/system/Autoloader/Autoloader.php(241): CodeIgniter\Autoloader\Autoloader->includeFile('/home1/inagasit...')
#2 /home1/inagasit/www0_inaga_site--dev6/vendor/codeigniter4/framework/system/Autoloader/Autoloader.php(219): CodeIgniter\Autoloader\Autoloader->loadInNamespace('Home\\Controller...')
#3 [internal function]: CodeIgniter\Autoloader\Autoloader->loadClass('Home\\Controller...')
#4 [internal function]: spl_autoload_call('Home\\Controller...')
#5 /home1/inagasit/www0_inaga_site--dev6/vendor/codeigniter4/framework/system/CodeIgniter.php(797): class_exists('\\Home\\Controlle...', true)
#6 /home1/inagasit/www0_inaga_site--dev6/vendor/codeigniter4/framework/system/CodeIgniter.php(406): CodeIgniter\CodeIgniter->startController()
#7 /home1/inagasit/www0_inaga_site--dev6/vendor/codeigniter4/framework/system/CodeIgniter.php(326): CodeIgniter\CodeIgniter->handleRequest(NULL, Object(Config\Cache), false)
#8 /home1/inagasit/www0_inaga_site--dev6/public/index.php(37): CodeIgniter\CodeIgniter->run()
#9 {main}
CRITICAL - 2023-02-01 13:10:09 --> Class 'Home\Controllers\BaseController' not found
#0 /home1/inagasit/www0_inaga_site--dev6/vendor/codeigniter4/framework/system/Autoloader/Autoloader.php(264): include_once()
#1 /home1/inagasit/www0_inaga_site--dev6/vendor/codeigniter4/framework/system/Autoloader/Autoloader.php(241): CodeIgniter\Autoloader\Autoloader->includeFile('/home1/inagasit...')
#2 /home1/inagasit/www0_inaga_site--dev6/vendor/codeigniter4/framework/system/Autoloader/Autoloader.php(219): CodeIgniter\Autoloader\Autoloader->loadInNamespace('Home\\Controller...')
#3 [internal function]: CodeIgniter\Autoloader\Autoloader->loadClass('Home\\Controller...')
#4 [internal function]: spl_autoload_call('Home\\Controller...')
#5 /home1/inagasit/www0_inaga_site--dev6/vendor/codeigniter4/framework/system/CodeIgniter.php(797): class_exists('\\Home\\Controlle...', true)
#6 /home1/inagasit/www0_inaga_site--dev6/vendor/codeigniter4/framework/system/CodeIgniter.php(406): CodeIgniter\CodeIgniter->startController()
#7 /home1/inagasit/www0_inaga_site--dev6/vendor/codeigniter4/framework/system/CodeIgniter.php(326): CodeIgniter\CodeIgniter->handleRequest(NULL, Object(Config\Cache), false)
#8 /home1/inagasit/www0_inaga_site--dev6/public/index.php(37): CodeIgniter\CodeIgniter->run()
#9 {main}
CRITICAL - 2023-02-01 13:10:34 --> Class 'Home\Controllers\BaseController' not found
#0 /home1/inagasit/www0_inaga_site--dev6/vendor/codeigniter4/framework/system/Autoloader/Autoloader.php(264): include_once()
#1 /home1/inagasit/www0_inaga_site--dev6/vendor/codeigniter4/framework/system/Autoloader/Autoloader.php(241): CodeIgniter\Autoloader\Autoloader->includeFile('/home1/inagasit...')
#2 /home1/inagasit/www0_inaga_site--dev6/vendor/codeigniter4/framework/system/Autoloader/Autoloader.php(219): CodeIgniter\Autoloader\Autoloader->loadInNamespace('Home\\Controller...')
#3 [internal function]: CodeIgniter\Autoloader\Autoloader->loadClass('Home\\Controller...')
#4 [internal function]: spl_autoload_call('Home\\Controller...')
#5 /home1/inagasit/www0_inaga_site--dev6/vendor/codeigniter4/framework/system/CodeIgniter.php(797): class_exists('\\Home\\Controlle...', true)
#6 /home1/inagasit/www0_inaga_site--dev6/vendor/codeigniter4/framework/system/CodeIgniter.php(406): CodeIgniter\CodeIgniter->startController()
#7 /home1/inagasit/www0_inaga_site--dev6/vendor/codeigniter4/framework/system/CodeIgniter.php(326): CodeIgniter\CodeIgniter->handleRequest(NULL, Object(Config\Cache), false)
#8 /home1/inagasit/www0_inaga_site--dev6/public/index.php(37): CodeIgniter\CodeIgniter->run()
#9 {main}
CRITICAL - 2023-02-01 13:10:38 --> Class 'Home\Controllers\BaseController' not found
#0 /home1/inagasit/www0_inaga_site--dev6/vendor/codeigniter4/framework/system/Autoloader/Autoloader.php(264): include_once()
#1 /home1/inagasit/www0_inaga_site--dev6/vendor/codeigniter4/framework/system/Autoloader/Autoloader.php(241): CodeIgniter\Autoloader\Autoloader->includeFile('/home1/inagasit...')
#2 /home1/inagasit/www0_inaga_site--dev6/vendor/codeigniter4/framework/system/Autoloader/Autoloader.php(219): CodeIgniter\Autoloader\Autoloader->loadInNamespace('Home\\Controller...')
#3 [internal function]: CodeIgniter\Autoloader\Autoloader->loadClass('Home\\Controller...')
#4 [internal function]: spl_autoload_call('Home\\Controller...')
#5 /home1/inagasit/www0_inaga_site--dev6/vendor/codeigniter4/framework/system/CodeIgniter.php(797): class_exists('\\Home\\Controlle...', true)
#6 /home1/inagasit/www0_inaga_site--dev6/vendor/codeigniter4/framework/system/CodeIgniter.php(406): CodeIgniter\CodeIgniter->startController()
#7 /home1/inagasit/www0_inaga_site--dev6/vendor/codeigniter4/framework/system/CodeIgniter.php(326): CodeIgniter\CodeIgniter->handleRequest(NULL, Object(Config\Cache), false)
#8 /home1/inagasit/www0_inaga_site--dev6/public/index.php(37): CodeIgniter\CodeIgniter->run()
#9 {main}
CRITICAL - 2023-02-01 13:12:55 --> Unable to find template "index2.html.twig" (looked into: /home1/inagasit/www0_inaga_site--dev6/app/Themes/default, /home1/inagasit/www0_inaga_site--dev6/app/Themes/default).
#0 /home1/inagasit/www0_inaga_site--dev6/vendor/twig/twig/src/Loader/FilesystemLoader.php(131): Twig\Loader\FilesystemLoader->findTemplate('index2.html.twi...')
#1 /home1/inagasit/www0_inaga_site--dev6/vendor/twig/twig/src/Environment.php(264): Twig\Loader\FilesystemLoader->getCacheKey('index2.html.twi...')
#2 /home1/inagasit/www0_inaga_site--dev6/vendor/twig/twig/src/Environment.php(312): Twig\Environment->getTemplateClass('index2.html.twi...')
#3 /home1/inagasit/www0_inaga_site--dev6/vendor/twig/twig/src/Environment.php(280): Twig\Environment->load('index2.html.twi...')
#4 /home1/inagasit/www0_inaga_site--dev6/vendor/noraziz/ci4-twiggy/src/Twiggy.php(555): Twig\Environment->render('index2.html.twi...', Array)
#5 /home1/inagasit/www0_inaga_site--dev6/Modules/Home/Controllers/Nyoba.php(23): noraziz\ci4twiggy\Twiggy->display()
#6 /home1/inagasit/www0_inaga_site--dev6/vendor/codeigniter4/framework/system/CodeIgniter.php(832): Home\Controllers\Nyoba->ccb()
#7 /home1/inagasit/www0_inaga_site--dev6/vendor/codeigniter4/framework/system/CodeIgniter.php(419): CodeIgniter\CodeIgniter->runController(Object(Home\Controllers\Nyoba))
#8 /home1/inagasit/www0_inaga_site--dev6/vendor/codeigniter4/framework/system/CodeIgniter.php(326): CodeIgniter\CodeIgniter->handleRequest(NULL, Object(Config\Cache), false)
#9 /home1/inagasit/www0_inaga_site--dev6/public/index.php(37): CodeIgniter\CodeIgniter->run()
#10 {main}
CRITICAL - 2023-02-01 13:13:21 --> Unable to find template "index2.html.twig" (looked into: /home1/inagasit/www0_inaga_site--dev6/app/Themes/default, /home1/inagasit/www0_inaga_site--dev6/app/Themes/default).
#0 /home1/inagasit/www0_inaga_site--dev6/vendor/twig/twig/src/Loader/FilesystemLoader.php(131): Twig\Loader\FilesystemLoader->findTemplate('index2.html.twi...')
#1 /home1/inagasit/www0_inaga_site--dev6/vendor/twig/twig/src/Environment.php(264): Twig\Loader\FilesystemLoader->getCacheKey('index2.html.twi...')
#2 /home1/inagasit/www0_inaga_site--dev6/vendor/twig/twig/src/Environment.php(312): Twig\Environment->getTemplateClass('index2.html.twi...')
#3 /home1/inagasit/www0_inaga_site--dev6/vendor/twig/twig/src/Environment.php(280): Twig\Environment->load('index2.html.twi...')
#4 /home1/inagasit/www0_inaga_site--dev6/vendor/noraziz/ci4-twiggy/src/Twiggy.php(555): Twig\Environment->render('index2.html.twi...', Array)
#5 /home1/inagasit/www0_inaga_site--dev6/Modules/Home/Controllers/Nyoba.php(23): noraziz\ci4twiggy\Twiggy->display()
#6 /home1/inagasit/www0_inaga_site--dev6/vendor/codeigniter4/framework/system/CodeIgniter.php(832): Home\Controllers\Nyoba->ccb()
#7 /home1/inagasit/www0_inaga_site--dev6/vendor/codeigniter4/framework/system/CodeIgniter.php(419): CodeIgniter\CodeIgniter->runController(Object(Home\Controllers\Nyoba))
#8 /home1/inagasit/www0_inaga_site--dev6/vendor/codeigniter4/framework/system/CodeIgniter.php(326): CodeIgniter\CodeIgniter->handleRequest(NULL, Object(Config\Cache), false)
#9 /home1/inagasit/www0_inaga_site--dev6/public/index.php(37): CodeIgniter\CodeIgniter->run()
#10 {main}
CRITICAL - 2023-02-01 13:13:24 --> Unable to find template "index2.html.twig" (looked into: /home1/inagasit/www0_inaga_site--dev6/app/Themes/default, /home1/inagasit/www0_inaga_site--dev6/app/Themes/default).
#0 /home1/inagasit/www0_inaga_site--dev6/vendor/twig/twig/src/Loader/FilesystemLoader.php(131): Twig\Loader\FilesystemLoader->findTemplate('index2.html.twi...')
#1 /home1/inagasit/www0_inaga_site--dev6/vendor/twig/twig/src/Environment.php(264): Twig\Loader\FilesystemLoader->getCacheKey('index2.html.twi...')
#2 /home1/inagasit/www0_inaga_site--dev6/vendor/twig/twig/src/Environment.php(312): Twig\Environment->getTemplateClass('index2.html.twi...')
#3 /home1/inagasit/www0_inaga_site--dev6/vendor/twig/twig/src/Environment.php(280): Twig\Environment->load('index2.html.twi...')
#4 /home1/inagasit/www0_inaga_site--dev6/vendor/noraziz/ci4-twiggy/src/Twiggy.php(555): Twig\Environment->render('index2.html.twi...', Array)
#5 /home1/inagasit/www0_inaga_site--dev6/Modules/Home/Controllers/Nyoba.php(23): noraziz\ci4twiggy\Twiggy->display()
#6 /home1/inagasit/www0_inaga_site--dev6/vendor/codeigniter4/framework/system/CodeIgniter.php(832): Home\Controllers\Nyoba->ccb()
#7 /home1/inagasit/www0_inaga_site--dev6/vendor/codeigniter4/framework/system/CodeIgniter.php(419): CodeIgniter\CodeIgniter->runController(Object(Home\Controllers\Nyoba))
#8 /home1/inagasit/www0_inaga_site--dev6/vendor/codeigniter4/framework/system/CodeIgniter.php(326): CodeIgniter\CodeIgniter->handleRequest(NULL, Object(Config\Cache), false)
#9 /home1/inagasit/www0_inaga_site--dev6/public/index.php(37): CodeIgniter\CodeIgniter->run()
#10 {main}
CRITICAL - 2023-02-01 13:13:26 --> Unable to find template "index2.html.twig" (looked into: /home1/inagasit/www0_inaga_site--dev6/app/Themes/default, /home1/inagasit/www0_inaga_site--dev6/app/Themes/default).
#0 /home1/inagasit/www0_inaga_site--dev6/vendor/twig/twig/src/Loader/FilesystemLoader.php(131): Twig\Loader\FilesystemLoader->findTemplate('index2.html.twi...')
#1 /home1/inagasit/www0_inaga_site--dev6/vendor/twig/twig/src/Environment.php(264): Twig\Loader\FilesystemLoader->getCacheKey('index2.html.twi...')
#2 /home1/inagasit/www0_inaga_site--dev6/vendor/twig/twig/src/Environment.php(312): Twig\Environment->getTemplateClass('index2.html.twi...')
#3 /home1/inagasit/www0_inaga_site--dev6/vendor/twig/twig/src/Environment.php(280): Twig\Environment->load('index2.html.twi...')
#4 /home1/inagasit/www0_inaga_site--dev6/vendor/noraziz/ci4-twiggy/src/Twiggy.php(555): Twig\Environment->render('index2.html.twi...', Array)
#5 /home1/inagasit/www0_inaga_site--dev6/Modules/Home/Controllers/Nyoba.php(23): noraziz\ci4twiggy\Twiggy->display()
#6 /home1/inagasit/www0_inaga_site--dev6/vendor/codeigniter4/framework/system/CodeIgniter.php(832): Home\Controllers\Nyoba->ccb()
#7 /home1/inagasit/www0_inaga_site--dev6/vendor/codeigniter4/framework/system/CodeIgniter.php(419): CodeIgniter\CodeIgniter->runController(Object(Home\Controllers\Nyoba))
#8 /home1/inagasit/www0_inaga_site--dev6/vendor/codeigniter4/framework/system/CodeIgniter.php(326): CodeIgniter\CodeIgniter->handleRequest(NULL, Object(Config\Cache), false)
#9 /home1/inagasit/www0_inaga_site--dev6/public/index.php(37): CodeIgniter\CodeIgniter->run()
#10 {main}
CRITICAL - 2023-02-01 13:13:30 --> Unable to find template "index2.html.twig" (looked into: /home1/inagasit/www0_inaga_site--dev6/app/Themes/default, /home1/inagasit/www0_inaga_site--dev6/app/Themes/default).
#0 /home1/inagasit/www0_inaga_site--dev6/vendor/twig/twig/src/Loader/FilesystemLoader.php(131): Twig\Loader\FilesystemLoader->findTemplate('index2.html.twi...')
#1 /home1/inagasit/www0_inaga_site--dev6/vendor/twig/twig/src/Environment.php(264): Twig\Loader\FilesystemLoader->getCacheKey('index2.html.twi...')
#2 /home1/inagasit/www0_inaga_site--dev6/vendor/twig/twig/src/Environment.php(312): Twig\Environment->getTemplateClass('index2.html.twi...')
#3 /home1/inagasit/www0_inaga_site--dev6/vendor/twig/twig/src/Environment.php(280): Twig\Environment->load('index2.html.twi...')
#4 /home1/inagasit/www0_inaga_site--dev6/vendor/noraziz/ci4-twiggy/src/Twiggy.php(555): Twig\Environment->render('index2.html.twi...', Array)
#5 /home1/inagasit/www0_inaga_site--dev6/Modules/Home/Controllers/Nyoba.php(23): noraziz\ci4twiggy\Twiggy->display()
#6 /home1/inagasit/www0_inaga_site--dev6/vendor/codeigniter4/framework/system/CodeIgniter.php(832): Home\Controllers\Nyoba->ccb()
#7 /home1/inagasit/www0_inaga_site--dev6/vendor/codeigniter4/framework/system/CodeIgniter.php(419): CodeIgniter\CodeIgniter->runController(Object(Home\Controllers\Nyoba))
#8 /home1/inagasit/www0_inaga_site--dev6/vendor/codeigniter4/framework/system/CodeIgniter.php(326): CodeIgniter\CodeIgniter->handleRequest(NULL, Object(Config\Cache), false)
#9 /home1/inagasit/www0_inaga_site--dev6/public/index.php(37): CodeIgniter\CodeIgniter->run()
#10 {main}
CRITICAL - 2023-02-01 13:15:28 --> Unable to find template "index2.html.twig" (looked into: /home1/inagasit/www0_inaga_site--dev6/app/Themes/default, /home1/inagasit/www0_inaga_site--dev6/app/Themes/default).
#0 /home1/inagasit/www0_inaga_site--dev6/vendor/twig/twig/src/Loader/FilesystemLoader.php(131): Twig\Loader\FilesystemLoader->findTemplate('index2.html.twi...')
#1 /home1/inagasit/www0_inaga_site--dev6/vendor/twig/twig/src/Environment.php(264): Twig\Loader\FilesystemLoader->getCacheKey('index2.html.twi...')
#2 /home1/inagasit/www0_inaga_site--dev6/vendor/twig/twig/src/Environment.php(312): Twig\Environment->getTemplateClass('index2.html.twi...')
#3 /home1/inagasit/www0_inaga_site--dev6/vendor/twig/twig/src/Environment.php(280): Twig\Environment->load('index2.html.twi...')
#4 /home1/inagasit/www0_inaga_site--dev6/vendor/noraziz/ci4-twiggy/src/Twiggy.php(555): Twig\Environment->render('index2.html.twi...', Array)
#5 /home1/inagasit/www0_inaga_site--dev6/Modules/Home/Controllers/Nyoba.php(23): noraziz\ci4twiggy\Twiggy->display()
#6 /home1/inagasit/www0_inaga_site--dev6/vendor/codeigniter4/framework/system/CodeIgniter.php(832): Home\Controllers\Nyoba->ccb()
#7 /home1/inagasit/www0_inaga_site--dev6/vendor/codeigniter4/framework/system/CodeIgniter.php(419): CodeIgniter\CodeIgniter->runController(Object(Home\Controllers\Nyoba))
#8 /home1/inagasit/www0_inaga_site--dev6/vendor/codeigniter4/framework/system/CodeIgniter.php(326): CodeIgniter\CodeIgniter->handleRequest(NULL, Object(Config\Cache), false)
#9 /home1/inagasit/www0_inaga_site--dev6/public/index.php(37): CodeIgniter\CodeIgniter->run()
#10 {main}
